*****  finished - 0 of 0 passed **** ***** ******* ***** *********************
Processing: ../core/test/data/blackbox/ean13-1/1.JPG ... passed.
Processing: ../core/test/data/blackbox/ean13-1/10.JPG ... passed.
Processing: ../core/test/data/blackbox/ean13-1/12.JPG ... passed.
Processing: ../core/test/data/blackbox/ean13-1/13.JPG ... passed.
Processing: ../core/test/data/blackbox/ean13-1/14.JPG ... passed.
Processing: ../core/test/data/blackbox/ean13-1/15.JPG ... passed.
Processing: ../core/test/data/blackbox/ean13-1/18.JPG ... passed.
Processing: ../core/test/data/blackbox/ean13-1/19.JPG ... passed.
Processing: ../core/test/data/blackbox/ean13-1/2.JPG ... passed.
Processing: ../core/test/data/blackbox/ean13-1/20.JPG ... FAILED
   Expected: 4000539017100
   Detected: zxing::ReaderException: No code detected
Processing: ../core/test/data/blackbox/ean13-1/21.JPG ... passed.
Processing: ../core/test/data/blackbox/ean13-1/22.JPG ... passed.
Processing: ../core/test/data/blackbox/ean13-1/23.JPG ... passed.
Processing: ../core/test/data/blackbox/ean13-1/24.JPG ... passed.
Processing: ../core/test/data/blackbox/ean13-1/25.JPG ... passed.
Processing: ../core/test/data/blackbox/ean13-1/26.JPG ... passed.
Processing: ../core/test/data/blackbox/ean13-1/28.JPG ... passed.
Processing: ../core/test/data/blackbox/ean13-1/29.JPG ... passed.
Processing: ../core/test/data/blackbox/ean13-1/3.JPG ... passed.
Processing: ../core/test/data/blackbox/ean13-1/30.JPG ... passed.
Processing: ../core/test/data/blackbox/ean13-1/31.JPG ... passed.
Processing: ../core/test/data/blackbox/ean13-1/32.JPG ... passed.
Processing: ../core/test/data/blackbox/ean13-1/33.jpg ... passed.
Processing: ../core/test/data/blackbox/ean13-1/34.jpg ... FAILED
   Expected: 9781558604971
   Detected: zxing::ReaderException: No code detected
Processing: ../core/test/data/blackbox/ean13-1/35.jpg ... FAILED
   Expected: 5030159003930
   Detected: zxing::ReaderException: No code detected
Processing: ../core/test/data/blackbox/ean13-1/36.jpg ... FAILED
   Expected: 5000213101025
   Detected: zxing::ReaderException: No code detected
Processing: ../core/test/data/blackbox/ean13-1/37.jpg ... FAILED
   Expected: 5000213002834
   Detected: zxing::ReaderException: No code detected
Processing: ../core/test/data/blackbox/ean13-1/38.jpg ... passed.
Processing: ../core/test/data/blackbox/ean13-1/4.JPG ... passed.
Processing: ../core/test/data/blackbox/ean13-1/5.JPG ... passed.
Processing: ../core/test/data/blackbox/ean13-1/6.JPG ... passed.
Processing: ../core/test/data/blackbox/ean13-1/7.JPG ... passed.
Processing: ../core/test/data/blackbox/ean13-1/8.JPG ... passed.
Processing: ../core/test/data/blackbox/ean13-1/9.JPG ... passed.
***** ean13-1 finished - 29 of 34 passed **** ***** ******* ***** *********************
Processing: ../core/test/data/blackbox/ean13-2/01.png ... FAILED
   Expected: 9780804816632
   Detected: zxing::ReaderException: No code detected
Processing: ../core/test/data/blackbox/ean13-2/02.png ... FAILED
   Expected: 9780804816632
   Detected: zxing::ReaderException: No code detected
Processing: ../core/test/data/blackbox/ean13-2/03.png ... FAILED
   Expected: 9780804816632
   Detected: zxing::ReaderException: No code detected
Processing: ../core/test/data/blackbox/ean13-2/04.png ... FAILED
   Expected: 9780804816632
   Detected: zxing::ReaderException: No code detected
Processing: ../core/test/data/blackbox/ean13-2/05.png ... FAILED
   Expected: 9780804816632
   Detected: zxing::ReaderException: No code detected
Processing: ../core/test/data/blackbox/ean13-2/06.png ... passed.
Processing: ../core/test/data/blackbox/ean13-2/07.png ... passed.
Processing: ../core/test/data/blackbox/ean13-2/08.png ... passed.
Processing: ../core/test/data/blackbox/ean13-2/09.png ... FAILED
   Expected: 9780345348036
   Detected: zxing::ReaderException: No code detected
Processing: ../core/test/data/blackbox/ean13-2/10.png ... FAILED
   Expected: 9780345348036
   Detected: zxing::ReaderException: No code detected
Processing: ../core/test/data/blackbox/ean13-2/11.png ... FAILED
   Expected: 9780345348036
   Detected: zxing::ReaderException: No code detected
Processing: ../core/test/data/blackbox/ean13-2/12.png ... FAILED
   Expected: 9780345348036
   Detected: zxing::ReaderException: No code detected
Processing: ../core/test/data/blackbox/ean13-2/13.png ... passed.
Processing: ../core/test/data/blackbox/ean13-2/14.png ... passed.
Processing: ../core/test/data/blackbox/ean13-2/15.png ... passed.
Processing: ../core/test/data/blackbox/ean13-2/16.png ... passed.
Processing: ../core/test/data/blackbox/ean13-2/17.png ... FAILED
   Expected: 9784872348880
   Detected: zxing::ReaderException: No code detected
Processing: ../core/test/data/blackbox/ean13-2/18.png ... passed.
Processing: ../core/test/data/blackbox/ean13-2/19.png ... passed.
Processing: ../core/test/data/blackbox/ean13-2/20.png ... passed.
Processing: ../core/test/data/blackbox/ean13-2/21.png ... FAILED
   Expected: 9784872348880
   Detected: zxing::ReaderException: No code detected
Processing: ../core/test/data/blackbox/ean13-2/22.png ... FAILED
   Expected: 9784872348880
   Detected: zxing::ReaderException: No code detected
Processing: ../core/test/data/blackbox/ean13-2/23.png ... FAILED
   Expected: 1920081045006
   Detected: zxing::ReaderException: No code detected
Processing: ../core/test/data/blackbox/ean13-2/24.png ... FAILED
   Expected: 9784872348880
   Detected: zxing::IllegalArgumentException: Invalid position (ReedSolomonDecoder)
Processing: ../core/test/data/blackbox/ean13-2/25.png ... FAILED
   Expected: 9784872348880
   Detected: zxing::ReaderException: No code detected
Processing: ../core/test/data/blackbox/ean13-2/26.png ... FAILED
   Expected: 9784872348880
   Detected: zxing::ReaderException: No code detected
Processing: ../core/test/data/blackbox/ean13-2/27.png ... passed.
Processing: ../core/test/data/blackbox/ean13-2/28.png ... FAILED
   Expected: 1920081045006
   Detected: zxing::ReaderException: No code detected
***** ean13-2 finished - 11 of 28 passed **** ***** ******* ***** *********************
Processing: ../core/test/data/blackbox/ean13-3/01.jpg ... passed.
Processing: ../core/test/data/blackbox/ean13-3/02.jpg ... passed.
Processing: ../core/test/data/blackbox/ean13-3/03.jpg ... passed.
Processing: ../core/test/data/blackbox/ean13-3/04.jpg ... passed.
Processing: ../core/test/data/blackbox/ean13-3/05.jpg ... passed.
Processing: ../core/test/data/blackbox/ean13-3/06.jpg ... passed.
Processing: ../core/test/data/blackbox/ean13-3/07.jpg ... passed.
Processing: ../core/test/data/blackbox/ean13-3/08.jpg ... passed.
Processing: ../core/test/data/blackbox/ean13-3/09.jpg ... passed.
Processing: ../core/test/data/blackbox/ean13-3/10.jpg ... passed.
Processing: ../core/test/data/blackbox/ean13-3/11.jpg ... FAILED
   Expected: 9780596008574
   Detected: zxing::IllegalArgumentException: Invalid position (ReedSolomonDecoder)
Processing: ../core/test/data/blackbox/ean13-3/12.jpg ... passed.
Processing: ../core/test/data/blackbox/ean13-3/13.jpg ... passed.
Processing: ../core/test/data/blackbox/ean13-3/14.jpg ... passed.
Processing: ../core/test/data/blackbox/ean13-3/15.jpg ... passed.
Processing: ../core/test/data/blackbox/ean13-3/16.jpg ... passed.
Processing: ../core/test/data/blackbox/ean13-3/17.jpg ... passed.
Processing: ../core/test/data/blackbox/ean13-3/18.jpg ... passed.
Processing: ../core/test/data/blackbox/ean13-3/19.jpg ... passed.
Processing: ../core/test/data/blackbox/ean13-3/20.jpg ... passed.
Processing: ../core/test/data/blackbox/ean13-3/21.jpg ... passed.
Processing: ../core/test/data/blackbox/ean13-3/22.jpg ... passed.
Processing: ../core/test/data/blackbox/ean13-3/23.jpg ... passed.
Processing: ../core/test/data/blackbox/ean13-3/24.jpg ... passed.
Processing: ../core/test/data/blackbox/ean13-3/25.jpg ... passed.
Processing: ../core/test/data/blackbox/ean13-3/26.jpg ... passed.
Processing: ../core/test/data/blackbox/ean13-3/27.jpg ... passed.
Processing: ../core/test/data/blackbox/ean13-3/28.jpg ... passed.
Processing: ../core/test/data/blackbox/ean13-3/29.jpg ... passed.
Processing: ../core/test/data/blackbox/ean13-3/30.jpg ... FAILED
   Expected: 9780201310054
   Detected: zxing::ReaderException: No code detected
Processing: ../core/test/data/blackbox/ean13-3/31.jpg ... passed.
Processing: ../core/test/data/blackbox/ean13-3/32.jpg ... passed.
Processing: ../core/test/data/blackbox/ean13-3/33.jpg ... passed.
Processing: ../core/test/data/blackbox/ean13-3/34.jpg ... passed.
Processing: ../core/test/data/blackbox/ean13-3/35.jpg ... passed.
Processing: ../core/test/data/blackbox/ean13-3/36.jpg ... passed.
Processing: ../core/test/data/blackbox/ean13-3/37.jpg ... passed.
Processing: ../core/test/data/blackbox/ean13-3/38.jpg ... passed.
Processing: ../core/test/data/blackbox/ean13-3/39.jpg ... passed.
Processing: ../core/test/data/blackbox/ean13-3/40.jpg ... passed.
Processing: ../core/test/data/blackbox/ean13-3/41.jpg ... passed.
Processing: ../core/test/data/blackbox/ean13-3/42.jpg ... passed.
Processing: ../core/test/data/blackbox/ean13-3/43.jpg ... passed.
Processing: ../core/test/data/blackbox/ean13-3/44.jpg ... passed.
Processing: ../core/test/data/blackbox/ean13-3/45.jpg ... passed.
Processing: ../core/test/data/blackbox/ean13-3/46.jpg ... passed.
Processing: ../core/test/data/blackbox/ean13-3/47.jpg ... passed.
Processing: ../core/test/data/blackbox/ean13-3/48.jpg ... passed.
Processing: ../core/test/data/blackbox/ean13-3/49.jpg ... passed.
Processing: ../core/test/data/blackbox/ean13-3/50.jpg ... passed.
Processing: ../core/test/data/blackbox/ean13-3/51.jpg ... passed.
Processing: ../core/test/data/blackbox/ean13-3/52.jpg ... passed.
Processing: ../core/test/data/blackbox/ean13-3/53.jpg ... passed.
Processing: ../core/test/data/blackbox/ean13-3/54.jpg ... passed.
Processing: ../core/test/data/blackbox/ean13-3/55.jpg ... passed.
***** ean13-3 finished - 53 of 55 passed **** ***** ******* ***** *********************
Processing: ../core/test/data/blackbox/ean13-4/01.jpg ... FAILED
   Expected: 9780441014989
   Detected: 17804419
Processing: ../core/test/data/blackbox/ean13-4/02.jpg ... passed.
Processing: ../core/test/data/blackbox/ean13-4/03.jpg ... FAILED
   Expected: 9780441014989
   Detected: zxing::ReaderException: No code detected
Processing: ../core/test/data/blackbox/ean13-4/04.jpg ... FAILED
   Expected: 9780441014989
   Detected: zxing::ReaderException: No code detected
Processing: ../core/test/data/blackbox/ean13-4/05.jpg ... FAILED
   Expected: 9780441014989
   Detected: zxing::ReaderException: No code detected
Processing: ../core/test/data/blackbox/ean13-4/06.jpg ... passed.
Processing: ../core/test/data/blackbox/ean13-4/07.jpg ... FAILED
   Expected: 9780441014989
   Detected: zxing::ReaderException: No code detected
Processing: ../core/test/data/blackbox/ean13-4/08.jpg ... FAILED
   Expected: 9780441014989
   Detected: zxing::ReaderException: No code detected
Processing: ../core/test/data/blackbox/ean13-4/09.jpg ... FAILED
   Expected: 9780441014989
   Detected: zxing::ReaderException: No code detected
Processing: ../core/test/data/blackbox/ean13-4/10.jpg ... FAILED
   Expected: 9780441014989
   Detected: zxing::ReaderException: No code detected
Processing: ../core/test/data/blackbox/ean13-4/11.jpg ... passed.
Processing: ../core/test/data/blackbox/ean13-4/12.jpg ... FAILED
   Expected: 9780441014989
   Detected: zxing::ReaderException: No code detected
Processing: ../core/test/data/blackbox/ean13-4/13.jpg ... passed.
Processing: ../core/test/data/blackbox/ean13-4/14.jpg ... FAILED
   Expected: 9780441014989
   Detected: zxing::ReaderException: No code detected
Processing: ../core/test/data/blackbox/ean13-4/15.jpg ... passed.
Processing: ../core/test/data/blackbox/ean13-4/16.jpg ... FAILED
   Expected: 9780441014989
   Detected: zxing::ReaderException: No code detected
Processing: ../core/test/data/blackbox/ean13-4/17.jpg ... FAILED
   Expected: 9780441014989
   Detected: zxing::ReaderException: No code detected
Processing: ../core/test/data/blackbox/ean13-4/18.jpg ... FAILED
   Expected: 9780441014989
   Detected: zxing::ReaderException: No code detected
Processing: ../core/test/data/blackbox/ean13-4/19.jpg ... FAILED
   Expected: 9780441014989
   Detected: zxing::ReaderException: No code detected
Processing: ../core/test/data/blackbox/ean13-4/20.jpg ... passed.
Processing: ../core/test/data/blackbox/ean13-4/21.jpg ... FAILED
   Expected: 9780441014989
   Detected: zxing::ReaderException: No code detected
Processing: ../core/test/data/blackbox/ean13-4/22.jpg ... FAILED
   Expected: 9780441014989
   Detected: zxing::ReaderException: No code detected
***** ean13-4 finished - 6 of 22 passed **** ***** ******* ***** *********************
Processing: ../core/test/data/blackbox/ean13-5/01.png ... FAILED
   Expected: 9780679601050
   Detected: zxing::ReaderException: No code detected
Processing: ../core/test/data/blackbox/ean13-5/02.png ... FAILED
   Expected: 9780679601050
   Detected: zxing::ReaderException: No code detected
Processing: ../core/test/data/blackbox/ean13-5/03.png ... FAILED
   Expected: 9780679601050
   Detected: zxing::ReaderException: No code detected
Processing: ../core/test/data/blackbox/ean13-5/04.png ... FAILED
   Expected: 9780679601050
   Detected: zxing::ReaderException: No code detected
Processing: ../core/test/data/blackbox/ean13-5/05.png ... FAILED
   Expected: 9780679601050
   Detected: zxing::ReaderException: No code detected
Processing: ../core/test/data/blackbox/ean13-5/06.png ... FAILED
   Expected: 9780345460950
   Detected: zxing::ReaderException: No code detected
Processing: ../core/test/data/blackbox/ean13-5/07.png ... FAILED
   Expected: 9780345460950
   Detected: zxing::ReaderException: No code detected
Processing: ../core/test/data/blackbox/ean13-5/08.png ... FAILED
   Expected: 9780345460950
   Detected: zxing::ReaderException: No code detected
Processing: ../core/test/data/blackbox/ean13-5/09.png ... FAILED
   Expected: 9780345460950
   Detected: zxing::ReaderException: No code detected
Processing: ../core/test/data/blackbox/ean13-5/10.png ... FAILED
   Expected: 9780345460950
   Detected: zxing::ReaderException: No code detected
Processing: ../core/test/data/blackbox/ean13-5/11.png ... FAILED
   Expected: 9780345460950
   Detected: zxing::ReaderException: No code detected
Processing: ../core/test/data/blackbox/ean13-5/12.png ... FAILED
   Expected: 9780345460950
   Detected: zxing::ReaderException: No code detected
Processing: ../core/test/data/blackbox/ean13-5/13.png ... FAILED
   Expected: 9780446579803
   Detected: zxing::ReaderException: No code detected
Processing: ../core/test/data/blackbox/ean13-5/14.png ... FAILED
   Expected: 9780446579803
   Detected: zxing::ReaderException: No code detected
Processing: ../core/test/data/blackbox/ean13-5/15.png ... FAILED
   Expected: 9780446579803
   Detected: zxing::ReaderException: No code detected
Processing: ../core/test/data/blackbox/ean13-5/16.png ... FAILED
   Expected: 9780446579803
   Detected: zxing::ReaderException: No code detected
Processing: ../core/test/data/blackbox/ean13-5/17.png ... FAILED
   Expected: 9780446579803
   Detected: zxing::ReaderException: No code detected
Processing: ../core/test/data/blackbox/ean13-5/18.png ... FAILED
   Expected: 9780446579803
   Detected: zxing::ReaderException: No code detected
***** ean13-5 finished - 0 of 18 passed **** ***** ******* ***** *********************
Processing: ../core/test/data/blackbox/ean8-1/1.gif ... passed.
Processing: ../core/test/data/blackbox/ean8-1/2.gif ... passed.
Processing: ../core/test/data/blackbox/ean8-1/3.gif ... passed.
Processing: ../core/test/data/blackbox/ean8-1/4.jpg ... passed.
Processing: ../core/test/data/blackbox/ean8-1/5.gif ... passed.
Processing: ../core/test/data/blackbox/ean8-1/6.jpg ... passed.
Processing: ../core/test/data/blackbox/ean8-1/7.jpg ... passed.
Processing: ../core/test/data/blackbox/ean8-1/8.gif ... passed.
***** ean8-1 finished - 8 of 8 passed **** ***** ******* ***** *********************
Processing: ../core/test/data/blackbox/upce-1/1.gif ... passed.
Processing: ../core/test/data/blackbox/upce-1/2.gif ... passed.
Processing: ../core/test/data/blackbox/upce-1/4.jpg ... passed.
***** upce-1 finished - 3 of 3 passed **** ***** ******* ***** *********************
Processing: ../core/test/data/blackbox/upce-2/01.jpg ... passed.
Processing: ../core/test/data/blackbox/upce-2/02.jpg ... FAILED
   Expected: 05096893
   Detected: zxing::ReaderException: No code detected
Processing: ../core/test/data/blackbox/upce-2/03.jpg ... passed.
Processing: ../core/test/data/blackbox/upce-2/04.jpg ... passed.
Processing: ../core/test/data/blackbox/upce-2/05.jpg ... passed.
Processing: ../core/test/data/blackbox/upce-2/06.jpg ... passed.
Processing: ../core/test/data/blackbox/upce-2/07.jpg ... passed.
Processing: ../core/test/data/blackbox/upce-2/08.jpg ... passed.
Processing: ../core/test/data/blackbox/upce-2/09.jpg ... passed.
Processing: ../core/test/data/blackbox/upce-2/10.jpg ... passed.
Processing: ../core/test/data/blackbox/upce-2/11.jpg ... passed.
Processing: ../core/test/data/blackbox/upce-2/12.jpg ... passed.
Processing: ../core/test/data/blackbox/upce-2/13.jpg ... passed.
Processing: ../core/test/data/blackbox/upce-2/14.jpg ... FAILED
   Expected: 04963406
   Detected: zxing::ReaderException: No code detected
Processing: ../core/test/data/blackbox/upce-2/15.jpg ... passed.
Processing: ../core/test/data/blackbox/upce-2/16.jpg ... passed.
Processing: ../core/test/data/blackbox/upce-2/17.jpg ... passed.
Processing: ../core/test/data/blackbox/upce-2/18.jpg ... passed.
Processing: ../core/test/data/blackbox/upce-2/19.jpg ... passed.
Processing: ../core/test/data/blackbox/upce-2/20.jpg ... FAILED
   Expected: 04124498
   Detected: zxing::ReaderException: No code detected
Processing: ../core/test/data/blackbox/upce-2/21.jpg ... passed.
Processing: ../core/test/data/blackbox/upce-2/22.jpg ... passed.
Processing: ../core/test/data/blackbox/upce-2/23.jpg ... passed.
Processing: ../core/test/data/blackbox/upce-2/24.jpg ... FAILED
   Expected: 04124498
   Detected: zxing::ReaderException: No code detected
Processing: ../core/test/data/blackbox/upce-2/25.jpg ... FAILED
   Expected: 04124498
   Detected: zxing::ReaderException: No code detected
Processing: ../core/test/data/blackbox/upce-2/26.jpg ... FAILED
   Expected: 04124498
   Detected: zxing::ReaderException: No code detected
Processing: ../core/test/data/blackbox/upce-2/27.jpg ... FAILED
   Expected: 04124498
   Detected: zxing::ReaderException: No code detected
Processing: ../core/test/data/blackbox/upce-2/28.jpg ... passed.
Processing: ../core/test/data/blackbox/upce-2/29.jpg ... passed.
Processing: ../core/test/data/blackbox/upce-2/30.jpg ... passed.
Processing: ../core/test/data/blackbox/upce-2/31.jpg ... passed.
Processing: ../core/test/data/blackbox/upce-2/32.jpg ... passed.
Processing: ../core/test/data/blackbox/upce-2/33.jpg ... passed.
Processing: ../core/test/data/blackbox/upce-2/34.jpg ... passed.
Processing: ../core/test/data/blackbox/upce-2/35.jpg ... FAILED
   Expected: 01264904
   Detected: zxing::ReaderException: No code detected
Processing: ../core/test/data/blackbox/upce-2/36.jpg ... passed.
Processing: ../core/test/data/blackbox/upce-2/37.jpg ... passed.
Processing: ../core/test/data/blackbox/upce-2/38.jpg ... FAILED
   Expected: 01264904
   Detected: zxing::ReaderException: No code detected
Processing: ../core/test/data/blackbox/upce-2/39.jpg ... FAILED
   Expected: 01264904
   Detected: zxing::ReaderException: No code detected
Processing: ../core/test/data/blackbox/upce-2/40.jpg ... passed.
Processing: ../core/test/data/blackbox/upce-2/41.jpg ... FAILED
   Expected: 01264904
   Detected: zxing::ReaderException: No code detected
***** upce-2 finished - 30 of 41 passed **** ***** ******* ***** *********************
Processing: ../core/test/data/blackbox/upce-3/01.jpg ... passed.
Processing: ../core/test/data/blackbox/upce-3/02.jpg ... passed.
Processing: ../core/test/data/blackbox/upce-3/03.jpg ... passed.
Processing: ../core/test/data/blackbox/upce-3/04.jpg ... FAILED
   Expected: 04965802
   Detected: zxing::ReaderException: No code detected
Processing: ../core/test/data/blackbox/upce-3/05.jpg ... passed.
Processing: ../core/test/data/blackbox/upce-3/06.jpg ... FAILED
   Expected: 04965802
   Detected: zxing::ReaderException: No code detected
Processing: ../core/test/data/blackbox/upce-3/07.jpg ... passed.
Processing: ../core/test/data/blackbox/upce-3/08.jpg ... FAILED
   Expected: 04965802
   Detected: zxing::ReaderException: No code detected
Processing: ../core/test/data/blackbox/upce-3/09.jpg ... passed.
Processing: ../core/test/data/blackbox/upce-3/10.jpg ... FAILED
   Expected: 04965802
   Detected: zxing::ReaderException: No code detected
Processing: ../core/test/data/blackbox/upce-3/11.jpg ... FAILED
   Expected: 04965802
   Detected: zxing::ReaderException: No code detected
***** upce-3 finished - 6 of 11 passed **** ***** ******* ***** *********************
Processing: ../core/test/data/blackbox/upca-1/1.jpg ... FAILED
   Expected: 036602301467
   Detected: zxing::ReaderException: No code detected
Processing: ../core/test/data/blackbox/upca-1/10.jpg ... passed.
Processing: ../core/test/data/blackbox/upca-1/11.jpg ... passed.
Processing: ../core/test/data/blackbox/upca-1/12.jpg ... FAILED
   Expected: 781735802045
   Detected: zxing::ReaderException: No code detected
Processing: ../core/test/data/blackbox/upca-1/13.jpg ... passed.
Processing: ../core/test/data/blackbox/upca-1/16.jpg ... passed.
Processing: ../core/test/data/blackbox/upca-1/17.jpg ... passed.
Processing: ../core/test/data/blackbox/upca-1/18.jpg ... FAILED
   Expected: 024543136538
   Detected: zxing::ReaderException: No code detected
Processing: ../core/test/data/blackbox/upca-1/19.jpg ... FAILED
   Expected: 024543136538
   Detected: zxing::ReaderException: No code detected
Processing: ../core/test/data/blackbox/upca-1/2.jpg ... passed.
Processing: ../core/test/data/blackbox/upca-1/20.jpg ... FAILED
   Expected: 752919460009
   Detected: zxing::ReaderException: No code detected
Processing: ../core/test/data/blackbox/upca-1/21.jpg ... passed.
Processing: ../core/test/data/blackbox/upca-1/27.JPG ... passed.
Processing: ../core/test/data/blackbox/upca-1/28.JPG ... passed.
Processing: ../core/test/data/blackbox/upca-1/29.JPG ... passed.
Processing: ../core/test/data/blackbox/upca-1/3.jpg ... FAILED
   Expected: 070097025088
   Detected: zxing::ReaderException: No code detected
Processing: ../core/test/data/blackbox/upca-1/35.jpg ... passed.
Processing: ../core/test/data/blackbox/upca-1/4.jpg ... FAILED
   Expected: 070097025088
   Detected: zxing::ReaderException: No code detected
Processing: ../core/test/data/blackbox/upca-1/5.jpg ... passed.
Processing: ../core/test/data/blackbox/upca-1/8.jpg ... passed.
Processing: ../core/test/data/blackbox/upca-1/9.jpg ... passed.
***** upca-1 finished - 14 of 21 passed **** ***** ******* ***** *********************
Processing: ../core/test/data/blackbox/upca-2/01.jpg ... FAILED
   Expected: 890444000335
   Detected: zxing::ReaderException: No code detected
Processing: ../core/test/data/blackbox/upca-2/02.jpg ... FAILED
   Expected: 890444000335
   Detected: zxing::ReaderException: No code detected
Processing: ../core/test/data/blackbox/upca-2/03.jpg ... FAILED
   Expected: 890444000335
   Detected: 89040003
Processing: ../core/test/data/blackbox/upca-2/04.jpg ... FAILED
   Expected: 890444000335
   Detected: zxing::ReaderException: No code detected
Processing: ../core/test/data/blackbox/upca-2/05.jpg ... FAILED
   Expected: 890444000335
   Detected: zxing::ReaderException: No code detected
Processing: ../core/test/data/blackbox/upca-2/06.jpg ... FAILED
   Expected: 890444000335
   Detected: zxing::ReaderException: No code detected
Processing: ../core/test/data/blackbox/upca-2/07.jpg ... passed.
Processing: ../core/test/data/blackbox/upca-2/08.jpg ... FAILED
   Expected: 181497000879
   Detected: zxing::ReaderException: No code detected
Processing: ../core/test/data/blackbox/upca-2/09.jpg ... passed.
Processing: ../core/test/data/blackbox/upca-2/10.jpg ... FAILED
   Expected: 181497000879
   Detected: zxing::ReaderException: No code detected
Processing: ../core/test/data/blackbox/upca-2/11.jpg ... FAILED
   Expected: 181497000879
   Detected: zxing::ReaderException: No code detected
Processing: ../core/test/data/blackbox/upca-2/12.jpg ... passed.
Processing: ../core/test/data/blackbox/upca-2/13.jpg ... passed.
Processing: ../core/test/data/blackbox/upca-2/14.jpg ... passed.
Processing: ../core/test/data/blackbox/upca-2/15.jpg ... FAILED
   Expected: 051000000675
   Detected: zxing::ReaderException: No code detected
Processing: ../core/test/data/blackbox/upca-2/16.jpg ... passed.
Processing: ../core/test/data/blackbox/upca-2/17.jpg ... passed.
Processing: ../core/test/data/blackbox/upca-2/18.jpg ... FAILED
   Expected: 051000000675
   Detected: zxing::ReaderException: No code detected
Processing: ../core/test/data/blackbox/upca-2/19.jpg ... passed.
Processing: ../core/test/data/blackbox/upca-2/20.jpg ... passed.
Processing: ../core/test/data/blackbox/upca-2/21.jpg ... passed.
Processing: ../core/test/data/blackbox/upca-2/22.jpg ... passed.
Processing: ../core/test/data/blackbox/upca-2/23.jpg ... passed.
Processing: ../core/test/data/blackbox/upca-2/24.jpg ... passed.
Processing: ../core/test/data/blackbox/upca-2/25.jpg ... passed.
Processing: ../core/test/data/blackbox/upca-2/26.jpg ... passed.
Processing: ../core/test/data/blackbox/upca-2/27.jpg ... passed.
Processing: ../core/test/data/blackbox/upca-2/28.jpg ... FAILED
   Expected: 752050200137
   Detected: zxing::ReaderException: No code detected
Processing: ../core/test/data/blackbox/upca-2/29.jpg ... passed.
Processing: ../core/test/data/blackbox/upca-2/30.jpg ... passed.
Processing: ../core/test/data/blackbox/upca-2/31.jpg ... FAILED
   Expected: 899684001003
   Detected: zxing::ReaderException: No code detected
Processing: ../core/test/data/blackbox/upca-2/32.jpg ... passed.
Processing: ../core/test/data/blackbox/upca-2/33.jpg ... passed.
Processing: ../core/test/data/blackbox/upca-2/34.jpg ... FAILED
   Expected: 899684001003
   Detected: zxing::ReaderException: No code detected
Processing: ../core/test/data/blackbox/upca-2/35.jpg ... FAILED
   Expected: 899684001003
   Detected: zxing::ReaderException: No code detected
Processing: ../core/test/data/blackbox/upca-2/36.jpg ... passed.
Processing: ../core/test/data/blackbox/upca-2/37.jpg ... FAILED
   Expected: 899684001003
   Detected: zxing::ReaderException: No code detected
Processing: ../core/test/data/blackbox/upca-2/38.jpg ... FAILED
   Expected: 012546619592
   Detected: zxing::ReaderException: No code detected
Processing: ../core/test/data/blackbox/upca-2/39.jpg ... passed.
Processing: ../core/test/data/blackbox/upca-2/40.jpg ... FAILED
   Expected: 012546619592
   Detected: zxing::ReaderException: No code detected
Processing: ../core/test/data/blackbox/upca-2/41.jpg ... passed.
Processing: ../core/test/data/blackbox/upca-2/42.jpg ... passed.
Processing: ../core/test/data/blackbox/upca-2/43.jpg ... FAILED
   Expected: 012546619592
   Detected: zxing::ReaderException: No code detected
Processing: ../core/test/data/blackbox/upca-2/44.jpg ... FAILED
   Expected: 012546619592
   Detected: zxing::ReaderException: No code detected
Processing: ../core/test/data/blackbox/upca-2/45.jpg ... passed.
Processing: ../core/test/data/blackbox/upca-2/46.jpg ... passed.
Processing: ../core/test/data/blackbox/upca-2/47.jpg ... passed.
Processing: ../core/test/data/blackbox/upca-2/48.jpg ... FAILED
   Expected: 075720003259
   Detected: zxing::ReaderException: No code detected
Processing: ../core/test/data/blackbox/upca-2/49.jpg ... FAILED
   Expected: 075720003259
   Detected: zxing::ReaderException: No code detected
Processing: ../core/test/data/blackbox/upca-2/50.jpg ... FAILED
   Expected: 075720003259
   Detected: zxing::ReaderException: No code detected
Processing: ../core/test/data/blackbox/upca-2/51.jpg ... passed.
Processing: ../core/test/data/blackbox/upca-2/52.jpg ... passed.
***** upca-2 finished - 29 of 52 passed **** ***** ******* ***** *********************
Processing: ../core/test/data/blackbox/upca-3/01.jpg ... FAILED
   Expected: 049000042566
   Detected: zxing::ReaderException: No code detected
Processing: ../core/test/data/blackbox/upca-3/02.jpg ... FAILED
   Expected: 049000042566
   Detected: zxing::ReaderException: No code detected
Processing: ../core/test/data/blackbox/upca-3/03.jpg ... FAILED
   Expected: 049000042566
   Detected: zxing::ReaderException: No code detected
Processing: ../core/test/data/blackbox/upca-3/04.jpg ... FAILED
   Expected: 049000042566
   Detected: zxing::ReaderException: No code detected
Processing: ../core/test/data/blackbox/upca-3/05.jpg ... FAILED
   Expected: 049000042566
   Detected: zxing::ReaderException: No code detected
Processing: ../core/test/data/blackbox/upca-3/06.jpg ... FAILED
   Expected: 049000042566
   Detected: zxing::ReaderException: No code detected
Processing: ../core/test/data/blackbox/upca-3/07.jpg ... FAILED
   Expected: 049000042566
   Detected: zxing::ReaderException: No code detected
Processing: ../core/test/data/blackbox/upca-3/08.jpg ... FAILED
   Expected: 049000042566
   Detected: zxing::ReaderException: No code detected
Processing: ../core/test/data/blackbox/upca-3/09.jpg ... FAILED
   Expected: 049000042566
   Detected: zxing::ReaderException: No code detected
Processing: ../core/test/data/blackbox/upca-3/10.jpg ... FAILED
   Expected: 049000042566
   Detected: zxing::ReaderException: No code detected
Processing: ../core/test/data/blackbox/upca-3/11.jpg ... FAILED
   Expected: 854818000116
   Detected: zxing::ReaderException: No code detected
Processing: ../core/test/data/blackbox/upca-3/12.jpg ... passed.
Processing: ../core/test/data/blackbox/upca-3/13.jpg ... FAILED
   Expected: 854818000116
   Detected: 85480001
Processing: ../core/test/data/blackbox/upca-3/14.jpg ... FAILED
   Expected: 854818000116
   Detected: zxing::ReaderException: No code detected
Processing: ../core/test/data/blackbox/upca-3/15.jpg ... passed.
Processing: ../core/test/data/blackbox/upca-3/16.jpg ... FAILED
   Expected: 854818000116
   Detected: zxing::ReaderException: No code detected
Processing: ../core/test/data/blackbox/upca-3/17.jpg ... passed.
Processing: ../core/test/data/blackbox/upca-3/18.jpg ... passed.
Processing: ../core/test/data/blackbox/upca-3/19.jpg ... passed.
Processing: ../core/test/data/blackbox/upca-3/20.jpg ... passed.
Processing: ../core/test/data/blackbox/upca-3/21.jpg ... passed.
***** upca-3 finished - 7 of 21 passed **** ***** ******* ***** *********************
Processing: ../core/test/data/blackbox/upca-4/1.jpg ... FAILED
   Expected: 023942431015
   Detected: zxing::ReaderException: No code detected
Processing: ../core/test/data/blackbox/upca-4/10.jpg ... FAILED
   Expected: 066721010995
   Detected: zxing::ReaderException: No code detected
Processing: ../core/test/data/blackbox/upca-4/11.jpg ... passed.
Processing: ../core/test/data/blackbox/upca-4/12.jpg ... passed.
Processing: ../core/test/data/blackbox/upca-4/13.jpg ... passed.
Processing: ../core/test/data/blackbox/upca-4/14.jpg ... passed.
Processing: ../core/test/data/blackbox/upca-4/15.jpg ... passed.
Processing: ../core/test/data/blackbox/upca-4/16.jpg ... passed.
Processing: ../core/test/data/blackbox/upca-4/17.jpg ... passed.
Processing: ../core/test/data/blackbox/upca-4/18.jpg ... passed.
Processing: ../core/test/data/blackbox/upca-4/19.jpg ... passed.
Processing: ../core/test/data/blackbox/upca-4/2.jpg ... FAILED
   Expected: 023942431015
   Detected: zxing::ReaderException: No code detected
Processing: ../core/test/data/blackbox/upca-4/3.jpg ... FAILED
   Expected: 023942431015
   Detected: zxing::ReaderException: No code detected
Processing: ../core/test/data/blackbox/upca-4/4.jpg ... FAILED
   Expected: 023942431015
   Detected: zxing::ReaderException: No code detected
Processing: ../core/test/data/blackbox/upca-4/5.jpg ... FAILED
   Expected: 023942431015
   Detected: zxing::ReaderException: No code detected
Processing: ../core/test/data/blackbox/upca-4/6.jpg ... FAILED
   Expected: 023942431015
   Detected: zxing::ReaderException: No code detected
Processing: ../core/test/data/blackbox/upca-4/7.jpg ... FAILED
   Expected: 023942431015
   Detected: zxing::IllegalArgumentException: Invalid position (ReedSolomonDecoder)
Processing: ../core/test/data/blackbox/upca-4/8.jpg ... passed.
Processing: ../core/test/data/blackbox/upca-4/9.jpg ... FAILED
   Expected: 060410049235
   Detected: zxing::ReaderException: No code detected
***** upca-4 finished - 10 of 19 passed **** ***** ******* ***** *********************
Processing: ../core/test/data/blackbox/upca-5/01.png ... FAILED
   Expected: 312547701310
   Detected: zxing::ReaderException: No code detected
Processing: ../core/test/data/blackbox/upca-5/02.png ... FAILED
   Expected: 312547701310
   Detected: zxing::ReaderException: No code detected
Processing: ../core/test/data/blackbox/upca-5/03.png ... passed.
Processing: ../core/test/data/blackbox/upca-5/04.png ... FAILED
   Expected: 312547701310
   Detected: zxing::ReaderException: No code detected
Processing: ../core/test/data/blackbox/upca-5/05.png ... passed.
Processing: ../core/test/data/blackbox/upca-5/06.png ... FAILED
   Expected: 312547701310
   Detected: zxing::ReaderException: No code detected
Processing: ../core/test/data/blackbox/upca-5/07.png ... FAILED
   Expected: 312547701310
   Detected: zxing::ReaderException: No code detected
Processing: ../core/test/data/blackbox/upca-5/08.png ... passed.
Processing: ../core/test/data/blackbox/upca-5/09.png ... FAILED
   Expected: 312547701310
   Detected: zxing::ReaderException: No code detected
Processing: ../core/test/data/blackbox/upca-5/10.png ... passed.
Processing: ../core/test/data/blackbox/upca-5/11.png ... passed.
Processing: ../core/test/data/blackbox/upca-5/12.png ... passed.
Processing: ../core/test/data/blackbox/upca-5/13.png ... passed.
Processing: ../core/test/data/blackbox/upca-5/14.png ... passed.
Processing: ../core/test/data/blackbox/upca-5/15.png ... passed.
Processing: ../core/test/data/blackbox/upca-5/16.png ... FAILED
   Expected: 312547701310
   Detected: zxing::ReaderException: No code detected
Processing: ../core/test/data/blackbox/upca-5/17.png ... FAILED
   Expected: 312547701310
   Detected: zxing::ReaderException: No code detected
Processing: ../core/test/data/blackbox/upca-5/18.png ... passed.
Processing: ../core/test/data/blackbox/upca-5/19.png ... FAILED
   Expected: 625034201058
   Detected: zxing::ReaderException: No code detected
Processing: ../core/test/data/blackbox/upca-5/20.png ... passed.
Processing: ../core/test/data/blackbox/upca-5/21.png ... passed.
Processing: ../core/test/data/blackbox/upca-5/22.png ... passed.
Processing: ../core/test/data/blackbox/upca-5/23.png ... FAILED
   Expected: 625034201058
   Detected: zxing::ReaderException: No code detected
Processing: ../core/test/data/blackbox/upca-5/24.png ... passed.
Processing: ../core/test/data/blackbox/upca-5/25.png ... FAILED
   Expected: 625034201058
   Detected: zxing::ReaderException: No code detected
Processing: ../core/test/data/blackbox/upca-5/26.png ... FAILED
   Expected: 625034201058
   Detected: zxing::ReaderException: No code detected
Processing: ../core/test/data/blackbox/upca-5/27.png ... FAILED
   Expected: 625034201058
   Detected: zxing::ReaderException: No code detected
Processing: ../core/test/data/blackbox/upca-5/28.png ... passed.
Processing: ../core/test/data/blackbox/upca-5/29.png ... FAILED
   Expected: 625034201058
   Detected: zxing::ReaderException: No code detected
Processing: ../core/test/data/blackbox/upca-5/30.png ... passed.
Processing: ../core/test/data/blackbox/upca-5/31.png ... FAILED
   Expected: 625034201058
   Detected: zxing::ReaderException: No code detected
Processing: ../core/test/data/blackbox/upca-5/32.png ... FAILED
   Expected: 625034201058
   Detected: zxing::ReaderException: No code detected
Processing: ../core/test/data/blackbox/upca-5/33.png ... passed.
Processing: ../core/test/data/blackbox/upca-5/34.png ... passed.
Processing: ../core/test/data/blackbox/upca-5/35.png ... passed.
***** upca-5 finished - 19 of 35 passed **** ***** ******* ***** *********************
Processing: ../core/test/data/blackbox/upca-6/01.png ... FAILED
   Expected: 071831007995
   Detected: zxing::ReaderException: No code detected
Processing: ../core/test/data/blackbox/upca-6/02.png ... FAILED
   Expected: 071831007995
   Detected: zxing::ReaderException: No code detected
Processing: ../core/test/data/blackbox/upca-6/03.png ... FAILED
   Expected: 071831007995
   Detected: zxing::ReaderException: No code detected
Processing: ../core/test/data/blackbox/upca-6/04.png ... FAILED
   Expected: 071831007995
   Detected: zxing::ReaderException: No code detected
Processing: ../core/test/data/blackbox/upca-6/05.png ... FAILED
   Expected: 071831007995
   Detected: zxing::ReaderException: No code detected
Processing: ../core/test/data/blackbox/upca-6/06.png ... FAILED
   Expected: 071831007995
   Detected: zxing::ReaderException: No code detected
Processing: ../core/test/data/blackbox/upca-6/07.png ... FAILED
   Expected: 605482330012
   Detected: zxing::ReaderException: No code detected
Processing: ../core/test/data/blackbox/upca-6/08.png ... FAILED
   Expected: 605482330012
   Detected: zxing::ReaderException: No code detected
Processing: ../core/test/data/blackbox/upca-6/09.png ... FAILED
   Expected: 605482330012
   Detected: zxing::ReaderException: No code detected
Processing: ../core/test/data/blackbox/upca-6/10.png ... FAILED
   Expected: 605482330012
   Detected: zxing::ReaderException: No code detected
Processing: ../core/test/data/blackbox/upca-6/11.png ... FAILED
   Expected: 605482330012
   Detected: zxing::ReaderException: No code detected
Processing: ../core/test/data/blackbox/upca-6/12.png ... FAILED
   Expected: 605482330012
   Detected: zxing::ReaderException: No code detected
Processing: ../core/test/data/blackbox/upca-6/13.png ... FAILED
   Expected: 073333531084
   Detected: zxing::ReaderException: No code detected
Processing: ../core/test/data/blackbox/upca-6/14.png ... FAILED
   Expected: 073333531084
   Detected: zxing::ReaderException: No code detected
Processing: ../core/test/data/blackbox/upca-6/15.png ... FAILED
   Expected: 073333531084
   Detected: zxing::ReaderException: No code detected
Processing: ../core/test/data/blackbox/upca-6/16.png ... FAILED
   Expected: 073333531084
   Detected: zxing::ReaderException: No code detected
Processing: ../core/test/data/blackbox/upca-6/17.png ... FAILED
   Expected: 073333531084
   Detected: zxing::ReaderException: No code detected
Processing: ../core/test/data/blackbox/upca-6/18.png ... FAILED
   Expected: 073333531084
   Detected: zxing::ReaderException: No code detected
Processing: ../core/test/data/blackbox/upca-6/19.png ... FAILED
   Expected: 073333531084
   Detected: zxing::ReaderException: No code detected
***** upca-6 finished - 0 of 19 passed **** ***** ******* ***** *********************
Processing: ../core/test/data/blackbox/qrcode-1/1.jpg ... passed.
Processing: ../core/test/data/blackbox/qrcode-1/10.jpg ... passed.
Processing: ../core/test/data/blackbox/qrcode-1/11.jpg ... passed.
Processing: ../core/test/data/blackbox/qrcode-1/12.jpg ... passed.
Processing: ../core/test/data/blackbox/qrcode-1/13.jpg ... passed.
Processing: ../core/test/data/blackbox/qrcode-1/14.jpg ... passed.
Processing: ../core/test/data/blackbox/qrcode-1/15.jpg ... passed.
Processing: ../core/test/data/blackbox/qrcode-1/16.jpg ... passed.
Processing: ../core/test/data/blackbox/qrcode-1/17.jpg ... passed.
Processing: ../core/test/data/blackbox/qrcode-1/18.jpg ... FAILED
   Expected: Sean Owen
srowen@google.com
917-364-2918
http://awesome-thoughts.com
   Detected: zxing::ReaderException: No code detected
Processing: ../core/test/data/blackbox/qrcode-1/19.jpg ... passed.
Processing: ../core/test/data/blackbox/qrcode-1/2.jpg ... passed.
Processing: ../core/test/data/blackbox/qrcode-1/20.jpg ... passed.
Processing: ../core/test/data/blackbox/qrcode-1/3.jpg ... passed.
Processing: ../core/test/data/blackbox/qrcode-1/4.jpg ... passed.
Processing: ../core/test/data/blackbox/qrcode-1/5.jpg ... passed.
Processing: ../core/test/data/blackbox/qrcode-1/6.jpg ... passed.
Processing: ../core/test/data/blackbox/qrcode-1/7.jpg ... passed.
Processing: ../core/test/data/blackbox/qrcode-1/8.jpg ... passed.
Processing: ../core/test/data/blackbox/qrcode-1/9.jpg ... passed.
***** qrcode-1 finished - 19 of 20 passed **** ***** ******* ***** *********************
Processing: ../core/test/data/blackbox/qrcode-2/1.png ... passed.
Processing: ../core/test/data/blackbox/qrcode-2/10.gif ... passed.
Processing: ../core/test/data/blackbox/qrcode-2/11.gif ... passed.
Processing: ../core/test/data/blackbox/qrcode-2/12.jpg ... FAILED
   Expected: The 2005 USGS aerial photography of the Washington Monument is censored.
   Detected: zxing::ReaderException: No code detected
Processing: ../core/test/data/blackbox/qrcode-2/13.jpg ... FAILED
   Expected: The 2005 USGS aerial photograph of the Washington Monument is censored.
   Detected: zxing::ReaderException: No code detected
Processing: ../core/test/data/blackbox/qrcode-2/14.gif ... passed.
Processing: ../core/test/data/blackbox/qrcode-2/15.png ... passed.
Processing: ../core/test/data/blackbox/qrcode-2/16.gif ... passed.
Processing: ../core/test/data/blackbox/qrcode-2/17.gif ... passed.
Processing: ../core/test/data/blackbox/qrcode-2/18.jpg ... FAILED
   Expected: *ﾃﾞｻﾞｲﾝQR*     
http://d-qr.net/ex/       
   Detected: zxing::ReaderException: No code detected
Processing: ../core/test/data/blackbox/qrcode-2/19.jpg ... passed.
Processing: ../core/test/data/blackbox/qrcode-2/2.png ... passed.
Processing: ../core/test/data/blackbox/qrcode-2/20.jpg ... passed.
Processing: ../core/test/data/blackbox/qrcode-2/21.jpg ... passed.
Processing: ../core/test/data/blackbox/qrcode-2/22.jpg ... FAILED
   Expected: http://www.hotpepper.jp/mobile/cgi-bin/MBLC80100.cgi?SA=00&Z=AG&vos=hpp064&uid=NULLGWDOCOMO
   Detected: zxing::ReaderException: No code detected
Processing: ../core/test/data/blackbox/qrcode-2/23.jpg ... passed.
Processing: ../core/test/data/blackbox/qrcode-2/24.png ... passed.
Processing: ../core/test/data/blackbox/qrcode-2/25.png ... passed.
Processing: ../core/test/data/blackbox/qrcode-2/26.png ... FAILED
   Expected: <ﾃﾞｻﾞｲﾝQR> 
ｲﾗｽﾄ入りｶﾗｰQRｺｰﾄﾞ
http://d-qr.net/ex/ 
   Detected: zxing::ReaderException: No code detected
Processing: ../core/test/data/blackbox/qrcode-2/27.png ... passed.
Processing: ../core/test/data/blackbox/qrcode-2/28.jpg ... passed.
Processing: ../core/test/data/blackbox/qrcode-2/29.jpg ... FAILED
   Expected: http://live.fdgm.jp/u/event/hype/hype_top.html 

MEBKM:TITLE:hypeモバイル;URL:http\://live.fdgm.jp/u/event/hype/hype_top.html;;
   Detected: zxing::ReaderException: No code detected
Processing: ../core/test/data/blackbox/qrcode-2/30.png ... FAILED
   Expected: MECARD:N:測試;;
   Detected: zxing::ReaderException: No code detected
Processing: ../core/test/data/blackbox/qrcode-2/31.jpg ... passed.
Processing: ../core/test/data/blackbox/qrcode-2/32.gif ... passed.
Processing: ../core/test/data/blackbox/qrcode-2/33.png ... passed.
Processing: ../core/test/data/blackbox/qrcode-2/34.png ... passed.
Processing: ../core/test/data/blackbox/qrcode-2/35.png ... passed.
Processing: ../core/test/data/blackbox/qrcode-2/4.jpg ... passed.
Processing: ../core/test/data/blackbox/qrcode-2/5.jpg ... passed.
Processing: ../core/test/data/blackbox/qrcode-2/6.jpg ... passed.
Processing: ../core/test/data/blackbox/qrcode-2/7.gif ... passed.
Processing: ../core/test/data/blackbox/qrcode-2/8.gif ... passed.
Processing: ../core/test/data/blackbox/qrcode-2/9.png ... passed.
***** qrcode-2 finished - 27 of 34 passed **** ***** ******* ***** *********************
Processing: ../core/test/data/blackbox/qrcode-3/01.jpg ... passed.
Processing: ../core/test/data/blackbox/qrcode-3/02.jpg ... passed.
Processing: ../core/test/data/blackbox/qrcode-3/03.jpg ... FAILED
   Expected: http://arnaud.sahuguet.com/graffiti/test.php?ll=-74.00309961503218,40.74102573163046,0
   Detected: zxing::ReaderException: No code detected
Processing: ../core/test/data/blackbox/qrcode-3/04.jpg ... passed.
Processing: ../core/test/data/blackbox/qrcode-3/05.jpg ... passed.
Processing: ../core/test/data/blackbox/qrcode-3/06.jpg ... passed.
Processing: ../core/test/data/blackbox/qrcode-3/07.jpg ... passed.
Processing: ../core/test/data/blackbox/qrcode-3/08.jpg ... passed.
Processing: ../core/test/data/blackbox/qrcode-3/09.jpg ... passed.
Processing: ../core/test/data/blackbox/qrcode-3/10.jpg ... passed.
Processing: ../core/test/data/blackbox/qrcode-3/11.jpg ... passed.
Processing: ../core/test/data/blackbox/qrcode-3/12.jpg ... passed.
Processing: ../core/test/data/blackbox/qrcode-3/13.jpg ... passed.
Processing: ../core/test/data/blackbox/qrcode-3/14.jpg ... passed.
Processing: ../core/test/data/blackbox/qrcode-3/15.jpg ... passed.
Processing: ../core/test/data/blackbox/qrcode-3/16.jpg ... passed.
Processing: ../core/test/data/blackbox/qrcode-3/17.jpg ... passed.
Processing: ../core/test/data/blackbox/qrcode-3/18.jpg ... passed.
Processing: ../core/test/data/blackbox/qrcode-3/19.jpg ... passed.
Processing: ../core/test/data/blackbox/qrcode-3/20.jpg ... passed.
Processing: ../core/test/data/blackbox/qrcode-3/21.jpg ... passed.
Processing: ../core/test/data/blackbox/qrcode-3/22.jpg ... FAILED
   Expected: UI office hours signup
http://www.corp.google.com/sparrow/ui_office_hours/ 
   Detected: zxing::ReaderException: No code detected
Processing: ../core/test/data/blackbox/qrcode-3/23.jpg ... FAILED
   Expected: UI office hours signup
http://www.corp.google.com/sparrow/ui_office_hours/ 
   Detected: zxing::ReaderException: No code detected
Processing: ../core/test/data/blackbox/qrcode-3/24.jpg ... FAILED
   Expected: UI office hours signup
http://www.corp.google.com/sparrow/ui_office_hours/ 
   Detected: zxing::ReaderException: No code detected
Processing: ../core/test/data/blackbox/qrcode-3/25.jpg ... FAILED
   Expected: UI office hours signup
http://www.corp.google.com/sparrow/ui_office_hours/ 
   Detected: zxing::ReaderException: No code detected
Processing: ../core/test/data/blackbox/qrcode-3/26.jpg ... passed.
Processing: ../core/test/data/blackbox/qrcode-3/27.jpg ... passed.
Processing: ../core/test/data/blackbox/qrcode-3/28.jpg ... passed.
Processing: ../core/test/data/blackbox/qrcode-3/29.jpg ... passed.
Processing: ../core/test/data/blackbox/qrcode-3/30.jpg ... passed.
Processing: ../core/test/data/blackbox/qrcode-3/31.jpg ... passed.
Processing: ../core/test/data/blackbox/qrcode-3/32.jpg ... passed.
Processing: ../core/test/data/blackbox/qrcode-3/33.jpg ... passed.
Processing: ../core/test/data/blackbox/qrcode-3/34.jpg ... passed.
Processing: ../core/test/data/blackbox/qrcode-3/35.jpg ... passed.
Processing: ../core/test/data/blackbox/qrcode-3/36.jpg ... passed.
Processing: ../core/test/data/blackbox/qrcode-3/37.jpg ... passed.
Processing: ../core/test/data/blackbox/qrcode-3/38.jpg ... passed.
Processing: ../core/test/data/blackbox/qrcode-3/39.jpg ... passed.
Processing: ../core/test/data/blackbox/qrcode-3/40.jpg ... FAILED
   Expected: MECARD:N:Sean Owen;TEL:+12125658770;EMAIL:srowen@google.com;;
   Detected: zxing::ReaderException: No code detected
Processing: ../core/test/data/blackbox/qrcode-3/41.jpg ... passed.
Processing: ../core/test/data/blackbox/qrcode-3/42.jpg ... FAILED
   Expected: MECARD:N:Sean Owen;TEL:+12125658770;EMAIL:srowen@google.com;;
   Detected: zxing::ReaderException: No code detected
***** qrcode-3 finished - 35 of 42 passed **** ***** ******* ***** *********************
Processing: ../core/test/data/blackbox/qrcode-4/01.jpg ... passed.
Processing: ../core/test/data/blackbox/qrcode-4/02.jpg ... passed.
Processing: ../core/test/data/blackbox/qrcode-4/03.jpg ... passed.
Processing: ../core/test/data/blackbox/qrcode-4/04.jpg ... passed.
Processing: ../core/test/data/blackbox/qrcode-4/05.jpg ... FAILED
   Expected: Google Print Ads - T.G.I.A.F. - January 31, 2008
   Detected: zxing::ReaderException: No code detected
Processing: ../core/test/data/blackbox/qrcode-4/06.jpg ... FAILED
   Expected: Google Print Ads - T.G.I.A.F. - January 31, 2008
   Detected: zxing::ReaderException: No code detected
Processing: ../core/test/data/blackbox/qrcode-4/07.jpg ... passed.
Processing: ../core/test/data/blackbox/qrcode-4/08.jpg ... FAILED
   Expected: Google Print Ads - T.G.I.A.F. - January 31, 2008
   Detected: zxing::ReaderException: No code detected
Processing: ../core/test/data/blackbox/qrcode-4/09.jpg ... FAILED
   Expected: Google Print Ads - T.G.I.A.F. - January 31, 2008
   Detected: zxing::ReaderException: No code detected
Processing: ../core/test/data/blackbox/qrcode-4/10.jpg ... passed.
Processing: ../core/test/data/blackbox/qrcode-4/11.jpg ... FAILED
   Expected: Google Print Ads - T.G.I.A.F. - January 31, 2008
   Detected: zxing::ReaderException: No code detected
Processing: ../core/test/data/blackbox/qrcode-4/12.jpg ... passed.
Processing: ../core/test/data/blackbox/qrcode-4/13.jpg ... FAILED
   Expected: Google Print Ads - T.G.I.A.F. - January 31, 2008
   Detected: zxing::ReaderException: No code detected
Processing: ../core/test/data/blackbox/qrcode-4/14.jpg ... FAILED
   Expected: Google Print Ads - T.G.I.A.F. - January 31, 2008
   Detected: zxing::ReaderException: No code detected
Processing: ../core/test/data/blackbox/qrcode-4/15.jpg ... passed.
Processing: ../core/test/data/blackbox/qrcode-4/16.jpg ... FAILED
   Expected: http://code.google.com
   Detected: zxing::ReaderException: No code detected
Processing: ../core/test/data/blackbox/qrcode-4/17.jpg ... passed.
Processing: ../core/test/data/blackbox/qrcode-4/18.jpg ... passed.
Processing: ../core/test/data/blackbox/qrcode-4/19.jpg ... FAILED
   Expected: http://code.google.com
   Detected: zxing::ReaderException: No code detected
Processing: ../core/test/data/blackbox/qrcode-4/20.jpg ... passed.
Processing: ../core/test/data/blackbox/qrcode-4/21.jpg ... passed.
Processing: ../core/test/data/blackbox/qrcode-4/22.jpg ... FAILED
   Expected: http://code.google.com
   Detected: zxing::ReaderException: No code detected
Processing: ../core/test/data/blackbox/qrcode-4/23.jpg ... passed.
Processing: ../core/test/data/blackbox/qrcode-4/24.jpg ... passed.
Processing: ../core/test/data/blackbox/qrcode-4/25.jpg ... passed.
Processing: ../core/test/data/blackbox/qrcode-4/26.jpg ... passed.
Processing: ../core/test/data/blackbox/qrcode-4/27.jpg ... passed.
Processing: ../core/test/data/blackbox/qrcode-4/28.jpg ... passed.
Processing: ../core/test/data/blackbox/qrcode-4/29.jpg ... passed.
Processing: ../core/test/data/blackbox/qrcode-4/30.jpg ... FAILED
   Expected: http://code.google.com
   Detected: zxing::ReaderException: No code detected
Processing: ../core/test/data/blackbox/qrcode-4/31.jpg ... FAILED
   Expected: http://code.google.com
   Detected: zxing::ReaderException: No code detected
Processing: ../core/test/data/blackbox/qrcode-4/32.jpg ... FAILED
   Expected: http://code.google.com
   Detected: zxing::ReaderException: No code detected
Processing: ../core/test/data/blackbox/qrcode-4/33.jpg ... FAILED
   Expected: http://code.google.com
   Detected: zxing::ReaderException: No code detected
Processing: ../core/test/data/blackbox/qrcode-4/34.jpg ... FAILED
   Expected: http://code.google.com
   Detected: zxing::ReaderException: No code detected
Processing: ../core/test/data/blackbox/qrcode-4/35.jpg ... passed.
Processing: ../core/test/data/blackbox/qrcode-4/36.jpg ... passed.
Processing: ../core/test/data/blackbox/qrcode-4/37.jpg ... passed.
Processing: ../core/test/data/blackbox/qrcode-4/38.jpg ... passed.
Processing: ../core/test/data/blackbox/qrcode-4/39.jpg ... passed.
Processing: ../core/test/data/blackbox/qrcode-4/40.jpg ... passed.
Processing: ../core/test/data/blackbox/qrcode-4/41.jpg ... FAILED
   Expected: http://code.google.com/p/zxing/
   Detected: zxing::ReaderException: No code detected
Processing: ../core/test/data/blackbox/qrcode-4/42.jpg ... passed.
Processing: ../core/test/data/blackbox/qrcode-4/43.jpg ... passed.
Processing: ../core/test/data/blackbox/qrcode-4/44.jpg ... passed.
Processing: ../core/test/data/blackbox/qrcode-4/45.jpg ... passed.
Processing: ../core/test/data/blackbox/qrcode-4/46.jpg ... passed.
Processing: ../core/test/data/blackbox/qrcode-4/47.jpg ... passed.
Processing: ../core/test/data/blackbox/qrcode-4/48.jpg ... passed.
***** qrcode-4 finished - 32 of 48 passed **** ***** ******* ***** *********************
Processing: ../core/test/data/blackbox/qrcode-5/01.jpg ... FAILED
   Expected: MECARD:N:Sean Owen;TEL:+12125658770;EMAIL:srowen@google.com;;
   Detected: zxing::ReaderException: No code detected
Processing: ../core/test/data/blackbox/qrcode-5/02.jpg ... FAILED
   Expected: MECARD:N:Sean Owen;TEL:+12125658770;EMAIL:srowen@google.com;;
   Detected: zxing::ReaderException: No code detected
Processing: ../core/test/data/blackbox/qrcode-5/03.jpg ... FAILED
   Expected: MECARD:N:Sean Owen;TEL:+12125658770;EMAIL:srowen@google.com;;
   Detected: zxing::ReaderException: No code detected
Processing: ../core/test/data/blackbox/qrcode-5/04.jpg ... passed.
Processing: ../core/test/data/blackbox/qrcode-5/05.jpg ... FAILED
   Expected: MECARD:N:Sean Owen;TEL:+12125658770;EMAIL:srowen@google.com;;
   Detected: zxing::ReaderException: No code detected
Processing: ../core/test/data/blackbox/qrcode-5/06.jpg ... passed.
Processing: ../core/test/data/blackbox/qrcode-5/07.jpg ... passed.
Processing: ../core/test/data/blackbox/qrcode-5/08.jpg ... FAILED
   Expected: MECARD:N:Sean Owen;TEL:+12125658770;EMAIL:srowen@google.com;;
   Detected: zxing::ReaderException: No code detected
Processing: ../core/test/data/blackbox/qrcode-5/09.jpg ... FAILED
   Expected: MECARD:N:Sean Owen;TEL:+12125658770;EMAIL:srowen@google.com;;
   Detected: zxing::ReaderException: No code detected
Processing: ../core/test/data/blackbox/qrcode-5/10.jpg ... FAILED
   Expected: MECARD:N:Sean Owen;TEL:+12125658770;EMAIL:srowen@google.com;;
   Detected: zxing::ReaderException: No code detected
Processing: ../core/test/data/blackbox/qrcode-5/11.jpg ... passed.
Processing: ../core/test/data/blackbox/qrcode-5/12.jpg ... FAILED
   Expected: MECARD:N:Sean Owen;TEL:+12125658770;EMAIL:srowen@google.com;;
   Detected: zxing::ReaderException: No code detected
Processing: ../core/test/data/blackbox/qrcode-5/13.jpg ... FAILED
   Expected: MECARD:N:Sean Owen;TEL:+12125658770;EMAIL:srowen@google.com;;
   Detected: zxing::ReaderException: No code detected
Processing: ../core/test/data/blackbox/qrcode-5/14.jpg ... FAILED
   Expected: MECARD:N:Sean Owen;TEL:+12125658770;EMAIL:srowen@google.com;;
   Detected: zxing::ReaderException: No code detected
Processing: ../core/test/data/blackbox/qrcode-5/15.jpg ... passed.
Processing: ../core/test/data/blackbox/qrcode-5/16.png ... passed.
Processing: ../core/test/data/blackbox/qrcode-5/17.png ... passed.
Processing: ../core/test/data/blackbox/qrcode-5/18.png ... passed.
Processing: ../core/test/data/blackbox/qrcode-5/19.png ... passed.
***** qrcode-5 finished - 9 of 19 passed **** ***** ******* ***** *********************
Processing: ../core/test/data/blackbox/qrcode-6/1.png ... passed.
Processing: ../core/test/data/blackbox/qrcode-6/10.png ... passed.
Processing: ../core/test/data/blackbox/qrcode-6/11.png ... passed.
Processing: ../core/test/data/blackbox/qrcode-6/12.png ... passed.
Processing: ../core/test/data/blackbox/qrcode-6/13.png ... passed.
Processing: ../core/test/data/blackbox/qrcode-6/14.png ... passed.
Processing: ../core/test/data/blackbox/qrcode-6/15.jpg ... passed.
Processing: ../core/test/data/blackbox/qrcode-6/2.png ... passed.
Processing: ../core/test/data/blackbox/qrcode-6/3.png ... passed.
Processing: ../core/test/data/blackbox/qrcode-6/4.png ... passed.
Processing: ../core/test/data/blackbox/qrcode-6/5.png ... passed.
Processing: ../core/test/data/blackbox/qrcode-6/6.png ... passed.
Processing: ../core/test/data/blackbox/qrcode-6/7.png ... passed.
Processing: ../core/test/data/blackbox/qrcode-6/8.png ... passed.
Processing: ../core/test/data/blackbox/qrcode-6/9.png ... passed.
***** qrcode-6 finished - 15 of 15 passed **** ***** ******* ***** *********************
Processing: ../core/test/data/blackbox/aztec-1/7.png ... passed.
Processing: ../core/test/data/blackbox/aztec-1/Historico.gif ... passed.
Processing: ../core/test/data/blackbox/aztec-1/HistoricoLong.gif ... passed.
Processing: ../core/test/data/blackbox/aztec-1/abc-19x19C.png ... passed.
Processing: ../core/test/data/blackbox/aztec-1/abc-37x37.png ... passed.
Processing: ../core/test/data/blackbox/aztec-1/lorem-075x075.png ... passed.
Processing: ../core/test/data/blackbox/aztec-1/lorem-105x105.png ... passed.
Processing: ../core/test/data/blackbox/aztec-1/lorem-151x151.png ... passed.
Processing: ../core/test/data/blackbox/aztec-1/tableShifts.png ... passed.
Processing: ../core/test/data/blackbox/aztec-1/tag.png ... passed.
Processing: ../core/test/data/blackbox/aztec-1/texte.png ... passed.
***** aztec-1 finished - 11 of 11 passed **** ***** ******* ***** *********************
Processing: ../core/test/data/blackbox/aztec-2/01.png ... FAILED
   Expected: This is a real world Aztec barcode test.
   Detected: zxing::ReaderException: No code detected
Processing: ../core/test/data/blackbox/aztec-2/02.png ... passed.
Processing: ../core/test/data/blackbox/aztec-2/03.png ... FAILED
   Expected: This is a real world Aztec barcode test.
   Detected: zxing::ReaderException: No code detected
Processing: ../core/test/data/blackbox/aztec-2/04.png ... FAILED
   Expected: This is a real world Aztec barcode test.
   Detected: zxing::ReaderException: No code detected
Processing: ../core/test/data/blackbox/aztec-2/05.png ... FAILED
   Expected: This is a real world Aztec barcode test.
   Detected: zxing::ReaderException: No code detected
Processing: ../core/test/data/blackbox/aztec-2/06.png ... FAILED
   Expected: This is a real world Aztec barcode test.
   Detected: zxing::ReaderException: No code detected
Processing: ../core/test/data/blackbox/aztec-2/07.png ... FAILED
   Expected: This is a real world Aztec barcode test.
   Detected: zxing::ReaderException: No code detected
Processing: ../core/test/data/blackbox/aztec-2/08.png ... FAILED
   Expected: This is a real world Aztec barcode test.
   Detected: zxing::ReaderException: No code detected
Processing: ../core/test/data/blackbox/aztec-2/09.png ... FAILED
   Expected: mailto:zxing@googlegroups.com
   Detected: zxing::IllegalArgumentException: Invalid position (ReedSolomonDecoder)
Processing: ../core/test/data/blackbox/aztec-2/10.png ... FAILED
   Expected: mailto:zxing@googlegroups.com
   Detected: zxing::ReaderException: No code detected
Processing: ../core/test/data/blackbox/aztec-2/11.png ... FAILED
   Expected: mailto:zxing@googlegroups.com
   Detected: zxing::ReaderException: No code detected
Processing: ../core/test/data/blackbox/aztec-2/12.png ... FAILED
   Expected: mailto:zxing@googlegroups.com
   Detected: zxing::ReaderException: No code detected
Processing: ../core/test/data/blackbox/aztec-2/13.png ... FAILED
   Expected: mailto:zxing@googlegroups.com
   Detected: zxing::ReaderException: No code detected
Processing: ../core/test/data/blackbox/aztec-2/14.png ... FAILED
   Expected: mailto:zxing@googlegroups.com
   Detected: zxing::ReaderException: No code detected
Processing: ../core/test/data/blackbox/aztec-2/15.png ... FAILED
   Expected: mailto:zxing@googlegroups.com
   Detected: zxing::ReaderException: No code detected
Processing: ../core/test/data/blackbox/aztec-2/16.png ... FAILED
   Expected: http://code.google.com/p/zxing/source/browse/trunk/android/src/com/google/zxing/client/android/result/URIResultHandler.java
   Detected: zxing::ReaderException: No code detected
Processing: ../core/test/data/blackbox/aztec-2/17.png ... FAILED
   Expected: http://code.google.com/p/zxing/source/browse/trunk/android/src/com/google/zxing/client/android/result/URIResultHandler.java
   Detected: zxing::ReaderException: No code detected
Processing: ../core/test/data/blackbox/aztec-2/18.png ... passed.
Processing: ../core/test/data/blackbox/aztec-2/19.png ... FAILED
   Expected: http://code.google.com/p/zxing/source/browse/trunk/android/src/com/google/zxing/client/android/result/URIResultHandler.java
   Detected: zxing::ReaderException: No code detected
Processing: ../core/test/data/blackbox/aztec-2/20.png ... FAILED
   Expected: http://code.google.com/p/zxing/source/browse/trunk/android/src/com/google/zxing/client/android/result/URIResultHandler.java
   Detected: zxing::ReaderException: No code detected
Processing: ../core/test/data/blackbox/aztec-2/21.png ... FAILED
   Expected: http://code.google.com/p/zxing/source/browse/trunk/android/src/com/google/zxing/client/android/result/URIResultHandler.java
   Detected: zxing::ReaderException: No code detected
Processing: ../core/test/data/blackbox/aztec-2/22.png ... FAILED
   Expected: http://code.google.com/p/zxing/source/browse/trunk/android/src/com/google/zxing/client/android/result/URIResultHandler.java
   Detected: zxing::ReaderException: No code detected
***** aztec-2 finished - 2 of 22 passed **** ***** ******* ***** *********************
